  gui.cpp
E:\Programming\Self Project\PE Tool\PETool 1.1\gui.cpp(1345,54): warning C4090: 'argument': different '__unaligned' qualifiers
  injection.cpp
  PEFile.cpp
E:\Programming\Self Project\PE Tool\PETool 1.1\PEFile.cpp(407,5): warning C4311: 'type cast': pointer truncation from 'PIMAGE_SECTION_HEADER' to 'DWORD'
E:\Programming\Self Project\PE Tool\PETool 1.1\PEFile.cpp(407,5): warning C4302: 'type cast': truncation from 'PIMAGE_SECTION_HEADER' to 'DWORD'
E:\Programming\Self Project\PE Tool\PETool 1.1\PEFile.cpp(407,5): warning C4311: 'type cast': pointer truncation from 'byte *' to 'DWORD'
E:\Programming\Self Project\PE Tool\PETool 1.1\PEFile.cpp(407,5): warning C4302: 'type cast': truncation from 'byte *' to 'DWORD'
E:\Programming\Self Project\PE Tool\PETool 1.1\PEFile.cpp(412,10): warning C4311: 'type cast': pointer truncation from 'PIMAGE_SECTION_HEADER' to 'DWORD'
E:\Programming\Self Project\PE Tool\PETool 1.1\PEFile.cpp(412,10): warning C4302: 'type cast': truncation from 'PIMAGE_SECTION_HEADER' to 'DWORD'
E:\Programming\Self Project\PE Tool\PETool 1.1\PEFile.cpp(412,10): warning C4311: 'type cast': pointer truncation from 'byte *' to 'DWORD'
E:\Programming\Self Project\PE Tool\PETool 1.1\PEFile.cpp(412,10): warning C4302: 'type cast': truncation from 'byte *' to 'DWORD'
  WinMain.cpp
  Generating Code...
libcpmtd.lib(locale.obj) : error LNK2001: unresolved external symbol _CrtDbgReport
libcpmtd.lib(wlocale.obj) : error LNK2001: unresolved external symbol _CrtDbgReport
libcpmtd.lib(xlocale.obj) : error LNK2001: unresolved external symbol _CrtDbgReport
gui.obj : error LNK2001: unresolved external symbol _CrtDbgReport
injection.obj : error LNK2001: unresolved external symbol _CrtDbgReport
PEFile.obj : error LNK2001: unresolved external symbol _CrtDbgReport
WinMain.obj : error LNK2001: unresolved external symbol _CrtDbgReport
libcpmtd.lib(wlocale.obj) : error LNK2001: unresolved external symbol _free_dbg
libcpmtd.lib(xlocale.obj) : error LNK2001: unresolved external symbol _free_dbg
libcpmtd.lib(xwcsxfrm.obj) : error LNK2001: unresolved external symbol _free_dbg
libcpmtd.lib(StlCompareStringA.obj) : error LNK2001: unresolved external symbol _free_dbg
PEFile.obj : error LNK2001: unresolved external symbol _free_dbg
libcpmtd.lib(locale0.obj) : error LNK2001: unresolved external symbol _free_dbg
libcpmtd.lib(locale.obj) : error LNK2001: unresolved external symbol _free_dbg
libcpmtd.lib(StlLCMapStringA.obj) : error LNK2001: unresolved external symbol _free_dbg
libcpmtd.lib(wlocale.obj) : error LNK2001: unresolved external symbol _malloc_dbg
libcpmtd.lib(xlocale.obj) : error LNK2001: unresolved external symbol _malloc_dbg
libcpmtd.lib(xwcsxfrm.obj) : error LNK2001: unresolved external symbol _malloc_dbg
libcpmtd.lib(StlCompareStringA.obj) : error LNK2001: unresolved external symbol _malloc_dbg
PEFile.obj : error LNK2001: unresolved external symbol _malloc_dbg
libcpmtd.lib(locale0.obj) : error LNK2001: unresolved external symbol _malloc_dbg
libcpmtd.lib(locale.obj) : error LNK2001: unresolved external symbol _malloc_dbg
libcpmtd.lib(StlLCMapStringA.obj) : error LNK2001: unresolved external symbol _malloc_dbg
WinMain.obj : error LNK2019: unresolved external symbol _CrtDumpMemoryLeaks referenced in function wWinMain
WinMain.obj : error LNK2019: unresolved external symbol _CrtSetDbgFlag referenced in function wWinMain
libcpmtd.lib(_tolower.obj) : error LNK2019: unresolved external symbol _calloc_dbg referenced in function _Getctype
libcpmtd.lib(locale.obj) : error LNK2001: unresolved external symbol _calloc_dbg
libcpmtd.lib(wlocale.obj) : error LNK2001: unresolved external symbol _calloc_dbg
libcpmtd.lib(xlocale.obj) : error LNK2001: unresolved external symbol _calloc_dbg
libcpmtd.lib(_tolower.obj) : error LNK2019: unresolved external symbol _wcsdup_dbg referenced in function _Getctype
libcpmtd.lib(xstrcoll.obj) : error LNK2001: unresolved external symbol _wcsdup_dbg
libcpmtd.lib(locale.obj) : error LNK2019: unresolved external symbol _realloc_dbg referenced in function "private: static void __cdecl std::locale::_Locimp::_Locimp_Addfac(class std::locale::_Locimp *,class std::locale::facet *,unsigned __int64)" (?_Locimp_Addfac@_Locimp@locale@std@@CAXPEAV123@PEAVfacet@23@_K@Z)
libcpmtd.lib(StlLCMapStringA.obj) : error LNK2019: unresolved external symbol _CrtDbgReportW referenced in function _freea_crt
libcpmtd.lib(xmbtowc.obj) : error LNK2001: unresolved external symbol _CrtDbgReportW
libcpmtd.lib(StlCompareStringA.obj) : error LNK2001: unresolved external symbol _CrtDbgReportW
E:\Programming\Self Project\PE Tool\PETool 1.1\x64\Debug\PETool.exe : fatal error LNK1120: 9 unresolved externals
