c:\users\jack\source\repos\petool\x64\debug\vc142.pdb
c:\users\jack\source\repos\petool\x64\debug\vc142.idb
c:\users\jack\source\repos\petool\x64\debug\winmain.obj
c:\users\jack\source\repos\petool\x64\debug\pefile.obj
c:\users\jack\source\repos\petool\x64\debug\injection.obj
c:\users\jack\source\repos\petool\x64\debug\gui.obj
e:\programming\self project\pe tool\petool 1.1\x64\debug\vc142.pdb
e:\programming\self project\pe tool\petool 1.1\x64\debug\vc142.idb
e:\programming\self project\pe tool\petool 1.1\x64\debug\winmain.obj
e:\programming\self project\pe tool\petool 1.1\x64\debug\pefile.obj
e:\programming\self project\pe tool\petool 1.1\x64\debug\injection.obj
e:\programming\self project\pe tool\petool 1.1\x64\debug\gui.obj
c:\users\jack\source\repos\petool\x64\debug\petool.ilk
c:\users\jack\source\repos\petool\x64\debug\petool.exe
c:\users\jack\source\repos\petool\x64\debug\petool.pdb
c:\users\jack\source\repos\petool\x64\debug\petool.res
e:\programming\self project\pe tool\petool 1.1\x64\debug\petool.res
e:\programming\self project\pe tool\petool 1.1\x64\debug\petool.tlog\cl.command.1.tlog
e:\programming\self project\pe tool\petool 1.1\x64\debug\petool.tlog\cl.read.1.tlog
e:\programming\self project\pe tool\petool 1.1\x64\debug\petool.tlog\cl.write.1.tlog
e:\programming\self project\pe tool\petool 1.1\x64\debug\petool.tlog\link.2892-cvtres.read.1.tlog
e:\programming\self project\pe tool\petool 1.1\x64\debug\petool.tlog\link.2892-cvtres.write.1.tlog
e:\programming\self project\pe tool\petool 1.1\x64\debug\petool.tlog\link.2892-rc.read.1.tlog
e:\programming\self project\pe tool\petool 1.1\x64\debug\petool.tlog\link.2892-rc.write.1.tlog
e:\programming\self project\pe tool\petool 1.1\x64\debug\petool.tlog\link.2892.read.1.tlog
e:\programming\self project\pe tool\petool 1.1\x64\debug\petool.tlog\link.2892.write.1.tlog
e:\programming\self project\pe tool\petool 1.1\x64\debug\petool.tlog\link.command.1.tlog
e:\programming\self project\pe tool\petool 1.1\x64\debug\petool.tlog\link.read.1.tlog
e:\programming\self project\pe tool\petool 1.1\x64\debug\petool.tlog\link.write.1.tlog
e:\programming\self project\pe tool\petool 1.1\x64\debug\petool.tlog\rc.command.1.tlog
e:\programming\self project\pe tool\petool 1.1\x64\debug\petool.tlog\rc.read.1.tlog
e:\programming\self project\pe tool\petool 1.1\x64\debug\petool.tlog\rc.write.1.tlog
